Using pre-set license
Built from '2020.3/staging' branch; Version is '2020.3.4f1 (0abb6314276a) revision 703331'; Using compiler version '192528614'; Build Type 'Release'
OS: 'Windows 10 Enterprise LTSC 2019; OS build 17763.1339; Version 1809; 64bit' Language: 'ru' Physical Memory: 8061 MB
BatchMode: 1, IsHumanControllingUs: 0, StartBugReporterOnCrash: 0, Is64bit: 1, IsPro: 0

 COMMAND LINE ARGUMENTS:
C:\Program Files\Unity\Hub\Editor\2020.3.4f1\Editor\Unity.exe
-adb2
-batchMode
-noUpm
-name
AssetImportWorker0
-projectPath
D:/UnityProjects/Prototype3JP
-logFile
Logs/AssetImportWorker0.log
-srvPort
50982
Successfully changed project path to: D:/UnityProjects/Prototype3JP
D:/UnityProjects/Prototype3JP
Using Asset Import Pipeline V2.
Refreshing native plugins compatible for Editor in 22.13 ms, found 0 plugins.
Preloading 0 native plugins for Editor in 0.00 ms.
Initialize engine version: 2020.3.4f1 (0abb6314276a)
[Subsystems] Discovering subsystems at path C:/Program Files/Unity/Hub/Editor/2020.3.4f1/Editor/Data/Resources/UnitySubsystems
[Subsystems] Discovering subsystems at path D:/UnityProjects/Prototype3JP/Assets
GfxDevice: creating device client; threaded=0
Direct3D:
    Version:  Direct3D 11.0 [level 11.1]
    Renderer: NVIDIA GeForce GTX 1650 (ID=0x1f99)
    Vendor:   
    VRAM:     3962 MB
    Driver:   27.21.14.6611
Initialize mono
Mono path[0] = 'C:/Program Files/Unity/Hub/Editor/2020.3.4f1/Editor/Data/Managed'
Mono path[1] = 'C:/Program Files/Unity/Hub/Editor/2020.3.4f1/Editor/Data/MonoBleedingEdge/lib/mono/unityjit'
Mono config path = 'C:/Program Files/Unity/Hub/Editor/2020.3.4f1/Editor/Data/MonoBleedingEdge/etc'
Using monoOptions --debugger-agent=transport=dt_socket,embedding=1,server=y,suspend=n,address=127.0.0.1:56424
Begin MonoManager ReloadAssembly
Registering precompiled unity dll's ...
Register platform support module: C:/Program Files/Unity/Hub/Editor/2020.3.4f1/Editor/Data/PlaybackEngines/WebGLSupport/UnityEditor.WebGL.Extensions.dll
Register platform support module: C:/Program Files/Unity/Hub/Editor/2020.3.4f1/Editor/Data/PlaybackEngines/WindowsStandaloneSupport/UnityEditor.WindowsStandalone.Extensions.dll
Registered in 0.001083 seconds.
Native extension for WindowsStandalone target not found
Native extension for WebGL target not found
Refreshing native plugins compatible for Editor in 23.20 ms, found 0 plugins.
Preloading 0 native plugins for Editor in 0.00 ms.
Mono: successfully reloaded assembly
- Completed reload, in  1.515 seconds
Platform modules already initialized, skipping
Registering precompiled user dll's ...
Registered in 0.000438 seconds.
Begin MonoManager ReloadAssembly
Native extension for WindowsStandalone target not found
Native extension for WebGL target not found
Refreshing native plugins compatible for Editor in 0.23 ms, found 0 plugins.
Preloading 0 native plugins for Editor in 0.00 ms.
Mono: successfully reloaded assembly
- Completed reload, in  0.686 seconds
Platform modules already initialized, skipping
========================================================================
Worker process is ready to serve import requests
Launched and connected shader compiler UnityShaderCompiler.exe after 0.03 seconds
Refreshing native plugins compatible for Editor in 0.23 ms, found 0 plugins.
Preloading 0 native plugins for Editor in 0.00 ms.
Unloading 1126 Unused Serialized files (Serialized files now loaded: 0)
System memory in use before: 58.3 MB.
System memory in use after: 58.3 MB.

Unloading 10 unused Assets to reduce memory usage. Loaded Objects now: 1571.
Total: 2.348100 ms (FindLiveObjects: 0.223300 ms CreateObjectMapping: 0.071800 ms MarkObjects: 1.959900 ms  DeleteObjects: 0.091100 ms)

========================================================================
Received Import Request.
  path: Assets/Scripts/RepeatBackground.cs
  artifactKey: Guid(f65c72a87fac4914e970094113d26919) Importer(815301076,1909f56bfc062723c751e8b465ee728b)
Start importing Assets/Scripts/RepeatBackground.cs using Guid(f65c72a87fac4914e970094113d26919) Importer(815301076,1909f56bfc062723c751e8b465ee728b)  -> (artifact id: 'b6a71c4881a6c2669576aecbc98e4539') in 0.011947 seconds
  Import took 0.014687 seconds .

========================================================================
Received Import Request.
  Time since last request: 0.083664 seconds.
  path: Assets/Scenes/Prototype 3.unity
  artifactKey: Guid(dc8c9f3efd746429fa6f9482dc779492) Importer(815301076,1909f56bfc062723c751e8b465ee728b)
Start importing Assets/Scenes/Prototype 3.unity using Guid(dc8c9f3efd746429fa6f9482dc779492) Importer(815301076,1909f56bfc062723c751e8b465ee728b)  -> (artifact id: '211f225b751bdaf5fc9b1acb557c01f1') in 0.007813 seconds
  Import took 0.010182 seconds .

========================================================================
Received Import Request.
  Time since last request: 0.023911 seconds.
  path: Assets/Scripts/PlayerController.cs
  artifactKey: Guid(70618c6957be859468423141b6921707) Importer(815301076,1909f56bfc062723c751e8b465ee728b)
Start importing Assets/Scripts/PlayerController.cs using Guid(70618c6957be859468423141b6921707) Importer(815301076,1909f56bfc062723c751e8b465ee728b)  -> (artifact id: '4d7ca2f6763deca86eb78c4841f6dc7f') in 0.001083 seconds
  Import took 0.003443 seconds .

========================================================================
Received Import Request.
  Time since last request: 0.037580 seconds.
  path: Assets/Scripts/SpawnManager.cs
  artifactKey: Guid(9f01a71156272ba42a7ba554489ff52f) Importer(815301076,1909f56bfc062723c751e8b465ee728b)
Start importing Assets/Scripts/SpawnManager.cs using Guid(9f01a71156272ba42a7ba554489ff52f) Importer(815301076,1909f56bfc062723c751e8b465ee728b)  -> (artifact id: 'ea3ffc4ae2db9cfb61fd64109333d3ca') in 0.000979 seconds
  Import took 0.003285 seconds .

========================================================================
Received Import Request.
  Time since last request: 0.005633 seconds.
  path: Assets/Scripts/MoveLeft.cs
  artifactKey: Guid(ccb3f18a2ff5c1141b49384135c6a6b9) Importer(815301076,1909f56bfc062723c751e8b465ee728b)
Start importing Assets/Scripts/MoveLeft.cs using Guid(ccb3f18a2ff5c1141b49384135c6a6b9) Importer(815301076,1909f56bfc062723c751e8b465ee728b)  -> (artifact id: '2bac304b02bc97ecd0f6fc63bf7466b9') in 0.001033 seconds
  Import took 0.003381 seconds .

========================================================================
Received Import Request.
  Time since last request: 0.046966 seconds.
  path: Assets/Scripts/GameManager.cs
  artifactKey: Guid(86b99036736a14441b9820b7c0f1978f) Importer(815301076,1909f56bfc062723c751e8b465ee728b)
Start importing Assets/Scripts/GameManager.cs using Guid(86b99036736a14441b9820b7c0f1978f) Importer(815301076,1909f56bfc062723c751e8b465ee728b)  -> (artifact id: '7d14073fe90f6167a766f5b0172c95ca') in 0.000854 seconds
  Import took 0.002654 seconds .

========================================================================
Received Import Request.
  Time since last request: 0.039907 seconds.
  path: Assets/Challenge 3/Prefabs/Player.prefab
  artifactKey: Guid(0ae5bab20a4814ac0840dcc8c32cd9b2) Importer(815301076,1909f56bfc062723c751e8b465ee728b)
Start importing Assets/Challenge 3/Prefabs/Player.prefab using Guid(0ae5bab20a4814ac0840dcc8c32cd9b2) Importer(815301076,1909f56bfc062723c751e8b465ee728b)  -> (artifact id: '1f76ff773ad0d6829f43857bebca27fd') in 0.068350 seconds
  Import took 0.071452 seconds .

AssetImportWorkerClient::OnTransportError - code=2 error=End of file
